<?xml version="1.0" encoding="UTF-8"?>
<testsuites name="LoginBasico" time="46.829" tests="1" failures="0" errors="0">
   <testsuite name="LoginBasico" tests="1" failures="0" errors="0" time="46.829" skipped="0" timestamp="2022-12-06 09:57:50" hostname="javie - host.docker.internal" id="Test Suites/LoginBasico/LoginBasico">
      <properties>
[...]
</properties>
      <testcase name="Test Cases/Login/LoginBasico" time="46.627" classname="Test Cases/Login/LoginBasico" status="PASSED">
         <system-out><![CDATA[2022-12-06 09:57:51 - [TEST_CASE][PASSED] - Test Cases/Login/LoginBasico: Test Cases/Login/LoginBasico

2022-12-06 09:57:51 - [TEST_STEP][PASSED] - openBrowser(""): Browser is opened with url: ''

2022-12-06 09:57:51 - [MESSAGE][INFO] - User set preference: ['os', 'linux']

2022-12-06 09:57:51 - [MESSAGE][INFO] - User set preference: ['browserName', 'chrome']

2022-12-06 09:57:51 - [MESSAGE][INFO] - User set preference: ['browserVersion', '103']

2022-12-06 09:57:51 - [MESSAGE][INFO] - User set preference: ['katalon:option', '{organizationId=978561, tunnelId=, usingTunnel=false}']

2022-12-06 09:57:51 - [MESSAGE][INFO] - Connecting to remote web server 'testcloud.katalon.com/hub' with type 'Selenium'

2022-12-06 09:57:52 - [MESSAGE][INFO] - Action delay is set to 0 milliseconds

2022-12-06 09:58:12 - [MESSAGE][PASSED] - Browser is opened with url: ''

2022-12-06 09:58:12 - [TEST_STEP][PASSED] - navigateToUrl("https://testingqarvn.com.es/prueba-de-campos-checkbox/"): Navigate to 'https://testingqarvn.com.es/prueba-de-campos-checkbox/' successfully

2022-12-06 09:58:13 - [MESSAGE][PASSED] - Navigate to 'https://testingqarvn.com.es/prueba-de-campos-checkbox/' successfully

2022-12-06 09:58:13 - [TEST_STEP][PASSED] - maximizeWindow(): Current window maximized

2022-12-06 09:58:14 - [MESSAGE][PASSED] - Current window maximized

2022-12-06 09:58:14 - [TEST_STEP][PASSED] - setText(findTestObject("Object Repository/Login/Page_Prueba de campos Checkbox  TestingQaRvn/input_Nombre_field_29"), "javier"): Text 'javier' is set on object 'Object Repository/Login/Page_Prueba de campos Checkbox  TestingQaRvn/input_Nombre_field_29'

2022-12-06 09:58:17 - [MESSAGE][PASSED] - Text 'javier' is set on object 'Object Repository/Login/Page_Prueba de campos Checkbox  TestingQaRvn/input_Nombre_field_29'

2022-12-06 09:58:17 - [TEST_STEP][PASSED] - setText(findTestObject("Object Repository/Login/Page_Prueba de campos Checkbox  TestingQaRvn/input_Apellidos_field_30"), "erce"): Text 'erce' is set on object 'Object Repository/Login/Page_Prueba de campos Checkbox  TestingQaRvn/input_Apellidos_field_30'

2022-12-06 09:58:21 - [MESSAGE][PASSED] - Text 'erce' is set on object 'Object Repository/Login/Page_Prueba de campos Checkbox  TestingQaRvn/input_Apellidos_field_30'

2022-12-06 09:58:21 - [TEST_STEP][PASSED] - setText(findTestObject("Object Repository/Login/Page_Prueba de campos Checkbox  TestingQaRvn/input_Email_field_31"), "javier@gmail.com"): Text 'javier@gmail.com' is set on object 'Object Repository/Login/Page_Prueba de campos Checkbox  TestingQaRvn/input_Email_field_31'

2022-12-06 09:58:25 - [MESSAGE][PASSED] - Text 'javier@gmail.com' is set on object 'Object Repository/Login/Page_Prueba de campos Checkbox  TestingQaRvn/input_Email_field_31'

2022-12-06 09:58:25 - [TEST_STEP][PASSED] - setText(findTestObject("Object Repository/Login/Page_Prueba de campos Checkbox  TestingQaRvn/input_Phone_field_32"), "45857712"): Text '45857712' is set on object 'Object Repository/Login/Page_Prueba de campos Checkbox  TestingQaRvn/input_Phone_field_32'

2022-12-06 09:58:29 - [MESSAGE][PASSED] - Text '45857712' is set on object 'Object Repository/Login/Page_Prueba de campos Checkbox  TestingQaRvn/input_Phone_field_32'

2022-12-06 09:58:29 - [TEST_STEP][PASSED] - setText(findTestObject("Object Repository/Login/Page_Prueba de campos Checkbox  TestingQaRvn/textarea_Direccin_field_33"), "direccion uno"): Text 'direccion uno' is set on object 'Object Repository/Login/Page_Prueba de campos Checkbox  TestingQaRvn/textarea_Direccin_field_33'

2022-12-06 09:58:33 - [MESSAGE][PASSED] - Text 'direccion uno' is set on object 'Object Repository/Login/Page_Prueba de campos Checkbox  TestingQaRvn/textarea_Direccin_field_33'

2022-12-06 09:58:33 - [TEST_STEP][PASSED] - click(findTestObject("Object Repository/Login/Page_Prueba de campos Checkbox  TestingQaRvn/label_JS")): Object: 'Object Repository/Login/Page_Prueba de campos Checkbox  TestingQaRvn/label_JS' is clicked on

2022-12-06 09:58:35 - [MESSAGE][PASSED] - Object: 'Object Repository/Login/Page_Prueba de campos Checkbox  TestingQaRvn/label_JS' is clicked on

2022-12-06 09:58:35 - [TEST_STEP][PASSED] - click(findTestObject("Object Repository/Login/Page_Prueba de campos Checkbox  TestingQaRvn/button_Submit")): Object: 'Object Repository/Login/Page_Prueba de campos Checkbox  TestingQaRvn/button_Submit' is clicked on

2022-12-06 09:58:36 - [MESSAGE][PASSED] - Object: 'Object Repository/Login/Page_Prueba de campos Checkbox  TestingQaRvn/button_Submit' is clicked on

2022-12-06 09:58:36 - [TEST_STEP][PASSED] - closeBrowser(): Browser is closed

2022-12-06 09:58:37 - [MESSAGE][PASSED] - Browser is closed]]></system-out>
         <system-err><![CDATA[]]></system-err>
      </testcase>
      <system-out><![CDATA[2022-12-06 09:57:50 - [TEST_SUITE][PASSED] - LoginBasico: Test Cases/Login/LoginBasico]]></system-out>
      <system-err><![CDATA[]]></system-err>
   </testsuite>
</testsuites>
