<?xml version="1.0" encoding="UTF-8"?>
<testsuites name="Test_Collection_TODOS_Random" time="224.683" tests="1" failures="0" errors="0">
   <testsuite name="Test_suite_6" tests="1" failures="0" errors="0" time="210.123" skipped="0" timestamp="2022-12-02 11:08:22" hostname="javie - Maximiliano" id="Test Suites/Test_suite_6">
      <properties>
[...]
</properties>
      <testcase name="Test Cases/Variables/Variables" time="209.907" classname="Test Cases/Variables/Variables" status="PASSED">
         <system-out><![CDATA[2022-12-02 11:08:22 - [TEST_CASE][PASSED] - Test Cases/Variables/Variables: Test Cases/Variables/Variables

2022-12-02 11:08:23 - [TEST_STEP][PASSED] - openBrowser(""): Browser is opened with url: ''

2022-12-02 11:08:23 - [MESSAGE][INFO] - User set preference: ['os', 'windows']

2022-12-02 11:08:23 - [MESSAGE][INFO] - User set preference: ['browserName', 'chrome']

2022-12-02 11:08:23 - [MESSAGE][INFO] - User set preference: ['browserVersion', '103']

2022-12-02 11:08:23 - [MESSAGE][INFO] - User set preference: ['katalon:option', '{organizationId=978561, tunnelId=, usingTunnel=false}']

2022-12-02 11:08:23 - [MESSAGE][INFO] - Connecting to remote web server 'testcloud.katalon.com/hub' with type 'Selenium'

2022-12-02 11:08:23 - [MESSAGE][INFO] - Action delay is set to 0 milliseconds

2022-12-02 11:11:04 - [MESSAGE][PASSED] - Browser is opened with url: ''

2022-12-02 11:11:04 - [TEST_STEP][PASSED] - navigateToUrl("https://demoqa.com/webtables"): Navigate to 'https://demoqa.com/webtables' successfully

2022-12-02 11:11:07 - [MESSAGE][PASSED] - Navigate to 'https://demoqa.com/webtables' successfully

2022-12-02 11:11:07 - [TEST_STEP][PASSED] - click(findTestObject("Object Repository/Variables/Page_ToolsQA/button_Add")): Object: 'Object Repository/Variables/Page_ToolsQA/button_Add' is clicked on

2022-12-02 11:11:09 - [MESSAGE][PASSED] - Object: 'Object Repository/Variables/Page_ToolsQA/button_Add' is clicked on

2022-12-02 11:11:09 - [TEST_STEP][PASSED] - setText(findTestObject("Object Repository/Variables/Page_ToolsQA/input_First Name_firstName"), "Juan"): Text 'Juan' is set on object 'Object Repository/Variables/Page_ToolsQA/input_First Name_firstName'

2022-12-02 11:11:14 - [MESSAGE][PASSED] - Text 'Juan' is set on object 'Object Repository/Variables/Page_ToolsQA/input_First Name_firstName'

2022-12-02 11:11:14 - [TEST_STEP][PASSED] - click(findTestObject("Object Repository/Variables/Page_ToolsQA/input_Last Name_lastName")): Object: 'Object Repository/Variables/Page_ToolsQA/input_Last Name_lastName' is clicked on

2022-12-02 11:11:16 - [MESSAGE][PASSED] - Object: 'Object Repository/Variables/Page_ToolsQA/input_Last Name_lastName' is clicked on

2022-12-02 11:11:16 - [TEST_STEP][PASSED] - setText(findTestObject("Object Repository/Variables/Page_ToolsQA/input_Last Name_lastName"), "Perez"): Text 'Perez' is set on object 'Object Repository/Variables/Page_ToolsQA/input_Last Name_lastName'

2022-12-02 11:11:20 - [MESSAGE][PASSED] - Text 'Perez' is set on object 'Object Repository/Variables/Page_ToolsQA/input_Last Name_lastName'

2022-12-02 11:11:20 - [TEST_STEP][PASSED] - setText(findTestObject("Object Repository/Variables/Page_ToolsQA/input_Email_userEmail"), "juan@gmail.com"): Text 'juan@gmail.com' is set on object 'Object Repository/Variables/Page_ToolsQA/input_Email_userEmail'

2022-12-02 11:11:24 - [MESSAGE][PASSED] - Text 'juan@gmail.com' is set on object 'Object Repository/Variables/Page_ToolsQA/input_Email_userEmail'

2022-12-02 11:11:24 - [TEST_STEP][PASSED] - setText(findTestObject("Object Repository/Variables/Page_ToolsQA/input_Age_age"), "22"): Text '22' is set on object 'Object Repository/Variables/Page_ToolsQA/input_Age_age'

2022-12-02 11:11:28 - [MESSAGE][PASSED] - Text '22' is set on object 'Object Repository/Variables/Page_ToolsQA/input_Age_age'

2022-12-02 11:11:28 - [TEST_STEP][PASSED] - setText(findTestObject("Object Repository/Variables/Page_ToolsQA/input_Salary_salary"), "35000"): Text '35000' is set on object 'Object Repository/Variables/Page_ToolsQA/input_Salary_salary'

2022-12-02 11:11:32 - [MESSAGE][PASSED] - Text '35000' is set on object 'Object Repository/Variables/Page_ToolsQA/input_Salary_salary'

2022-12-02 11:11:32 - [TEST_STEP][PASSED] - setText(findTestObject("Object Repository/Variables/Page_ToolsQA/input_Department_department"), "Informatica"): Text 'Informatica' is set on object 'Object Repository/Variables/Page_ToolsQA/input_Department_department'

2022-12-02 11:11:36 - [MESSAGE][PASSED] - Text 'Informatica' is set on object 'Object Repository/Variables/Page_ToolsQA/input_Department_department'

2022-12-02 11:11:36 - [TEST_STEP][PASSED] - rightClick(findTestObject("Object Repository/Variables/Page_ToolsQA/input_Department_department")): Object: 'Object Repository/Variables/Page_ToolsQA/input_Department_department' is right clicked on

2022-12-02 11:11:38 - [MESSAGE][PASSED] - Object: 'Object Repository/Variables/Page_ToolsQA/input_Department_department' is right clicked on

2022-12-02 11:11:38 - [TEST_STEP][PASSED] - click(findTestObject("Object Repository/Variables/Page_ToolsQA/div_Submit")): Object: 'Object Repository/Variables/Page_ToolsQA/div_Submit' is clicked on

2022-12-02 11:11:40 - [MESSAGE][PASSED] - Object: 'Object Repository/Variables/Page_ToolsQA/div_Submit' is clicked on

2022-12-02 11:11:40 - [TEST_STEP][PASSED] - setText(findTestObject("Object Repository/Variables/Page_ToolsQA/input_Department_department"), "InformÃ¡tica"): Text 'InformÃ¡tica' is set on object 'Object Repository/Variables/Page_ToolsQA/input_Department_department'

2022-12-02 11:11:44 - [MESSAGE][PASSED] - Text 'InformÃ¡tica' is set on object 'Object Repository/Variables/Page_ToolsQA/input_Department_department'

2022-12-02 11:11:44 - [TEST_STEP][PASSED] - click(findTestObject("Object Repository/Variables/Page_ToolsQA/div_Submit")): Object: 'Object Repository/Variables/Page_ToolsQA/div_Submit' is clicked on

2022-12-02 11:11:46 - [MESSAGE][PASSED] - Object: 'Object Repository/Variables/Page_ToolsQA/div_Submit' is clicked on

2022-12-02 11:11:46 - [TEST_STEP][PASSED] - click(findTestObject("Object Repository/Variables/Page_ToolsQA/button_Submit")): Object: 'Object Repository/Variables/Page_ToolsQA/button_Submit' is clicked on

2022-12-02 11:11:48 - [MESSAGE][PASSED] - Object: 'Object Repository/Variables/Page_ToolsQA/button_Submit' is clicked on

2022-12-02 11:11:48 - [TEST_STEP][PASSED] - closeBrowser(): Browser is closed

2022-12-02 11:11:52 - [MESSAGE][PASSED] - Browser is closed]]></system-out>
         <system-err><![CDATA[]]></system-err>
      </testcase>
      <system-out><![CDATA[2022-12-02 11:08:22 - [TEST_SUITE][PASSED] - Test_suite_6: Test Cases/Variables/Variables]]></system-out>
      <system-err><![CDATA[]]></system-err>
   </testsuite>
</testsuites>
